[0.078s] Invoking command in '/home/terraformers/rover/build/ds4_driver_msgs': CMAKE_PREFIX_PATH=/opt/ros/humble /usr/bin/cmake /home/terraformers/rover/src/ds4_driver/ds4_driver_msgs -DAMENT_CMAKE_SYMLINK_INSTALL=1 -DCMAKE_INSTALL_PREFIX=/home/terraformers/rover/install/ds4_driver_msgs
[2.629s] -- Found ament_cmake: 1.3.8 (/opt/ros/humble/share/ament_cmake/cmake)
[2.630s] -- Override CMake install command with custom implementation using symlinks instead of copying resources
[2.630s] -- Found builtin_interfaces: 1.2.1 (/opt/ros/humble/share/builtin_interfaces/cmake)
[2.630s] -- Found rosidl_generator_c: 3.1.5 (/opt/ros/humble/share/rosidl_generator_c/cmake)
[2.631s] -- Found rosidl_adapter: 3.1.5 (/opt/ros/humble/share/rosidl_adapter/cmake)
[2.631s] -- Found rosidl_generator_cpp: 3.1.5 (/opt/ros/humble/share/rosidl_generator_cpp/cmake)
[2.631s] -- Using all available rosidl_typesupport_c: rosidl_typesupport_fastrtps_c;rosidl_typesupport_introspection_c
[2.632s] -- Using all available rosidl_typesupport_cpp: rosidl_typesupport_fastrtps_cpp;rosidl_typesupport_introspection_cpp
[2.632s] -- Found std_msgs: 4.2.3 (/opt/ros/humble/share/std_msgs/cmake)
[2.633s] -- Found sensor_msgs: 4.2.3 (/opt/ros/humble/share/sensor_msgs/cmake)
[2.633s] -- Found rosidl_default_generators: 1.2.0 (/opt/ros/humble/share/rosidl_default_generators/cmake)
[2.634s] -- Found ament_cmake_ros: 0.10.0 (/opt/ros/humble/share/ament_cmake_ros/cmake)
[2.634s] -- Using all available rosidl_typesupport_c: rosidl_typesupport_fastrtps_c;rosidl_typesupport_introspection_c
[2.637s] -- Using all available rosidl_typesupport_cpp: rosidl_typesupport_fastrtps_cpp;rosidl_typesupport_introspection_cpp
[2.663s] -- Found python_cmake_module: 0.10.0 (/opt/ros/humble/share/python_cmake_module/cmake)
[2.708s] -- Using PYTHON_EXECUTABLE: /usr/bin/python3
[2.708s] -- Using PYTHON_INCLUDE_DIRS: /usr/include/python3.10
[2.708s] -- Using PYTHON_LIBRARIES: /usr/lib/aarch64-linux-gnu/libpython3.10.so
[2.798s] -- Found ament_lint_auto: 0.12.10 (/opt/ros/humble/share/ament_lint_auto/cmake)
[2.819s] -- Added test 'lint_cmake' to check CMake code style
[2.820s] -- Added test 'xmllint' to check XML markup files
[2.827s] -- Configuring done
[2.914s] -- Generating done
[2.922s] -- Build files have been written to: /home/terraformers/rover/build/ds4_driver_msgs
[2.949s] Invoked command in '/home/terraformers/rover/build/ds4_driver_msgs' returned '0': CMAKE_PREFIX_PATH=/opt/ros/humble /usr/bin/cmake /home/terraformers/rover/src/ds4_driver/ds4_driver_msgs -DAMENT_CMAKE_SYMLINK_INSTALL=1 -DCMAKE_INSTALL_PREFIX=/home/terraformers/rover/install/ds4_driver_msgs
[2.950s] Invoking command in '/home/terraformers/rover/build/ds4_driver_msgs': CMAKE_PREFIX_PATH=/opt/ros/humble /usr/bin/cmake --build /home/terraformers/rover/build/ds4_driver_msgs -- -j8 -l8
[3.016s] [35m[1mConsolidate compiler generated dependencies of target ds4_driver_msgs__rosidl_generator_c[0m
[3.046s] [  1%] Built target ds4_driver_msgs__cpp
[3.047s] [ 12%] Built target ds4_driver_msgs__rosidl_generator_c
[3.078s] failed to create symbolic link '/home/terraformers/rover/build/ds4_driver_msgs/ament_cmake_python/ds4_driver_msgs/ds4_driver_msgs' because existing path cannot be removed: Is a directory
[3.081s] gmake[2]: *** [CMakeFiles/ament_cmake_python_symlink_ds4_driver_msgs.dir/build.make:70: CMakeFiles/ament_cmake_python_symlink_ds4_driver_msgs] Error 1
[3.093s] [35m[1mConsolidate compiler generated dependencies of target ds4_driver_msgs__rosidl_typesupport_fastrtps_c[0m
[3.093s] gmake[1]: *** [CMakeFiles/Makefile2:421: CMakeFiles/ament_cmake_python_symlink_ds4_driver_msgs.dir/all] Error 2
[3.093s] gmake[1]: *** Waiting for unfinished jobs....
[3.105s] [35m[1mConsolidate compiler generated dependencies of target ds4_driver_msgs__rosidl_typesupport_fastrtps_cpp[0m
[3.106s] [35m[1mConsolidate compiler generated dependencies of target ds4_driver_msgs__rosidl_typesupport_cpp[0m
[3.124s] [35m[1mConsolidate compiler generated dependencies of target ds4_driver_msgs__rosidl_typesupport_introspection_c[0m
[3.145s] [ 23%] Built target ds4_driver_msgs__rosidl_typesupport_fastrtps_c
[3.164s] [ 34%] Built target ds4_driver_msgs__rosidl_typesupport_fastrtps_cpp
[3.165s] [ 45%] Built target ds4_driver_msgs__rosidl_typesupport_introspection_c
[3.179s] [ 56%] Built target ds4_driver_msgs__rosidl_typesupport_cpp
[3.180s] gmake: *** [Makefile:146: all] Error 2
[3.188s] Invoked command in '/home/terraformers/rover/build/ds4_driver_msgs' returned '2': CMAKE_PREFIX_PATH=/opt/ros/humble /usr/bin/cmake --build /home/terraformers/rover/build/ds4_driver_msgs -- -j8 -l8
